<?xml version="1.0" encoding="UTF-8"?>
<testsuite xmlns:xsi="http://www.w3.org/2001/XMLSchema-instance" xsi:noNamespaceSchemaLocation="https://maven.apache.org/surefire/maven-surefire-plugin/xsd/surefire-test-report.xsd" version="3.0.2" name="tn.spring.discussion.DiscussionFeatureIntegrationTest" time="102.526" tests="4" errors="0" skipped="0" failures="0">
  <properties>
[...]
</properties>
  <testcase name="authorCanUploadImageForOwnPost" classname="tn.spring.discussion.DiscussionFeatureIntegrationTest" time="25.152">
    <system-out><![CDATA[03:55:07.787 [main] INFO org.springframework.test.context.support.AnnotationConfigContextLoaderUtils -- Could not detect default configuration classes for test class [tn.spring.discussion.DiscussionFeatureIntegrationTest]: DiscussionFeatureIntegrationTest does not declare any static, non-private, non-final, nested classes annotated with @Configuration.
03:55:08.869 [main] INFO org.springframework.boot.test.context.SpringBootTestContextBootstrapper -- Found @SpringBootConfiguration tn.spring.discussion.DiscussionServiceApplication for test class tn.spring.discussion.DiscussionFeatureIntegrationTest

  .   ____          _            __ _ _
 /\\ / ___'_ __ _ _(_)_ __  __ _ \ \ \ \
( ( )\___ | '_ | '_| | '_ \/ _` | \ \ \ \
 \\/  ___)| |_)| | | | | || (_| |  ) ) ) )
  '  |____| .__|_| |_|_| |_\__, | / / / /
 =========|_|==============|___/=/_/_/_/

 :: Spring Boot ::                (v4.0.2)

2026-04-10T03:55:15.146Z  INFO 132 --- [           main] t.s.d.DiscussionFeatureIntegrationTest   : Starting DiscussionFeatureIntegrationTest using Java 17.0.15 with PID 132 (started by root in /workspace)
2026-04-10T03:55:15.152Z  INFO 132 --- [           main] t.s.d.DiscussionFeatureIntegrationTest   : No active profile set, falling back to 1 default profile: "default"
2026-04-10T03:55:27.045Z  INFO 132 --- [           main] .s.d.r.c.RepositoryConfigurationDelegate : Bootstrapping Spring Data JPA repositories in DEFAULT mode.
2026-04-10T03:55:30.441Z  INFO 132 --- [           main] .s.d.r.c.RepositoryConfigurationDelegate : Finished Spring Data repository scanning in 3211 ms. Found 3 JPA repository interfaces.
2026-04-10T03:55:33.598Z  INFO 132 --- [           main] o.s.cloud.context.scope.GenericScope     : BeanFactory id=8150e135-6d12-3186-b3c5-63b7c3592b7d
2026-04-10T03:55:36.486Z  INFO 132 --- [           main] org.hibernate.orm.jpa                    : HHH008540: Processing PersistenceUnitInfo [name: default]
2026-04-10T03:55:37.730Z  INFO 132 --- [           main] org.hibernate.orm.core                   : HHH000001: Hibernate ORM core version 7.2.1.Final
2026-04-10T03:55:45.835Z  INFO 132 --- [           main] o.s.o.j.p.SpringPersistenceUnitInfo      : No LoadTimeWeaver setup: ignoring JPA class transformer
2026-04-10T03:55:46.401Z  INFO 132 --- [           main] com.zaxxer.hikari.HikariDataSource       : HikariPool-1 - Starting...
2026-04-10T03:55:49.349Z  INFO 132 --- [           main] com.zaxxer.hikari.pool.HikariPool        : HikariPool-1 - Added connection conn0: url=jdbc:h2:mem:discussiondb user=SA
2026-04-10T03:55:49.370Z  INFO 132 --- [           main] com.zaxxer.hikari.HikariDataSource       : HikariPool-1 - Start completed.
2026-04-10T03:55:49.652Z  WARN 132 --- [           main] org.hibernate.orm.deprecation            : HHH90000025: H2Dialect does not need to be specified explicitly using 'hibernate.dialect' (remove the property setting and it will be selected by default)
2026-04-10T03:55:49.982Z  INFO 132 --- [           main] org.hibernate.orm.connections.pooling    : HHH10001005: Database info:
	Database JDBC URL [jdbc:h2:mem:discussiondb]
	Database driver: H2 JDBC Driver
	Database dialect: H2Dialect
	Database version: 2.4.240
	Default catalog/schema: discussiondb/public
	Autocommit mode: undefined/unknown
	Isolation level: READ_COMMITTED [default READ_COMMITTED]
	JDBC fetch size: 100
	Pool: DataSourceConnectionProvider
	Minimum pool size: undefined/unknown
	Maximum pool size: undefined/unknown
2026-04-10T03:56:04.853Z  INFO 132 --- [           main] org.hibernate.orm.core                   : HHH000489: No JTA platform available (set 'hibernate.transaction.jta.platform' to enable JTA platform integration)
2026-04-10T03:56:05.727Z  INFO 132 --- [           main] j.LocalContainerEntityManagerFactoryBean : Initialized JPA EntityManagerFactory for persistence unit 'default'
2026-04-10T03:56:07.235Z  INFO 132 --- [           main] o.s.d.j.r.query.QueryEnhancerFactories   : Hibernate is in classpath; If applicable, HQL parser will be used.
2026-04-10T03:56:10.376Z  WARN 132 --- [           main] JpaBaseConfiguration$JpaWebConfiguration : spring.jpa.open-in-view is enabled by default. Therefore, database queries may be performed during view rendering. Explicitly configure spring.jpa.open-in-view to disable this warning
2026-04-10T03:56:19.158Z  INFO 132 --- [           main] o.s.b.t.m.w.SpringBootMockServletContext : Initializing Spring TestDispatcherServlet ''
2026-04-10T03:56:19.159Z  INFO 132 --- [           main] o.s.t.web.servlet.TestDispatcherServlet  : Initializing Servlet ''
2026-04-10T03:56:19.213Z  INFO 132 --- [           main] o.s.b.a.e.web.EndpointLinksResolver      : Exposing 2 endpoints beneath base path '/actuator'
2026-04-10T03:56:19.331Z  INFO 132 --- [           main] o.s.t.web.servlet.TestDispatcherServlet  : Completed initialization in 168 ms
2026-04-10T03:56:19.788Z  INFO 132 --- [           main] DiscoveryClientOptionalArgsConfiguration : Eureka HTTP Client uses RestClient.
2026-04-10T03:56:20.179Z  WARN 132 --- [           main] iguration$LoadBalancerCaffeineWarnLogger : Spring Cloud LoadBalancer is currently working with the default cache. While this cache implementation is useful for development and tests, it's recommended to use Caffeine cache in production.You can switch to using Caffeine cache, by adding it and org.springframework.cache.caffeine.CaffeineCacheManager to the classpath.
2026-04-10T03:56:20.508Z  INFO 132 --- [           main] t.s.d.DiscussionFeatureIntegrationTest   : Started DiscussionFeatureIntegrationTest in 68.646 seconds (process running for 77.826)
]]></system-out>
  </testcase>
  <testcase name="userCanCommentAndReactOnVisiblePost" classname="tn.spring.discussion.DiscussionFeatureIntegrationTest" time="0.647"/>
  <testcase name="authenticatedUserCanCreatePostAndReadMineFeed" classname="tn.spring.discussion.DiscussionFeatureIntegrationTest" time="0.563"/>
  <testcase name="roleAudienceFilterBlocksUnauthorizedRole" classname="tn.spring.discussion.DiscussionFeatureIntegrationTest" time="1.001"/>
</testsuite>